[22:34:59.282] [INFO] Checking the health of your Storybook..
[22:34:59.284] [DEBUG] Getting Storybook info...
[22:34:59.285] [DEBUG] Loading main config...
[22:34:59.419] [DEBUG] Getting stories paths...
[22:34:59.449] [DEBUG] Getting package manager...
[22:34:59.982] [DEBUG] Getting Storybook version...
[22:35:04.520] [WARN] .storybook: 1 issue found
[22:35:04.520] [INFO] You are currently using Storybook 9.1.10 but you have packages which are incompatible with it:

- @storybook/test@8.6.14 which depends on 8.6.14
 Repo: https://github.com/storybookjs/storybook/tree/next/code/lib/test
- @storybook/addon-essentials@8.6.14 which depends on 8.6.14
 Repo: https://github.com/storybookjs/storybook/tree/next/code/addons/essentials
- @storybook/addon-interactions@8.6.14 which depends on 8.6.14
 Repo: https://github.com/storybookjs/storybook/tree/next/code/addons/interactions
- @storybook/addon-mdx-gfm@8.6.14 which depends on ^8.6.14
 Repo: https://github.com/storybookjs/storybook/tree/next/code/addons/gfm
- @storybook/blocks@8.6.14 which depends on ^8.6.14
 Repo: https://github.com/storybookjs/storybook/tree/next/code/lib/blocks

Please consider updating your packages or contacting the maintainers for compatibility details.

For more on Storybook 9 compatibility, see the linked GitHub issue:
https://github.com/storybookjs/storybook/issues/30944
[22:35:04.527] [INFO] Storybook doctor is complete!
[22:35:04.527] [INFO] You can always recheck the health of your project(s) by running:
npx storybook doctor